2022-02-27 21:12:04,483 habr_parser.py INFO Habr успешно обновлён
2022-02-27 21:12:08,286 habr.py INFO Habr Python успешно обновлён
2022-02-27 21:12:09,545 currency_parser.py INFO Курсы валют успешно обновлены
2022-02-27 21:12:10,494 tproger.py INFO Tproger успешно обновлён
2022-02-27 21:12:11,324 nyt_tech_parse.py INFO NYT-Tech успешно обновлён
2022-02-27 21:12:25,310 habr_parser.py INFO Habr успешно обновлён
2022-02-27 21:12:28,036 habr.py INFO Habr Python успешно обновлён
2022-02-27 21:12:29,467 currency_parser.py INFO Курсы валют успешно обновлены
2022-02-27 21:12:29,926 tproger.py INFO Tproger успешно обновлён
2022-02-27 21:12:30,497 nyt_tech_parse.py INFO NYT-Tech успешно обновлён
2022-02-27 21:13:01,579 habr_parser.py INFO Habr успешно обновлён
2022-02-27 21:13:05,327 habr.py INFO Habr Python успешно обновлён
2022-02-27 21:13:06,731 currency_parser.py INFO Курсы валют успешно обновлены
2022-02-27 21:13:07,279 tproger.py INFO Tproger успешно обновлён
2022-02-27 21:13:08,087 nyt_tech_parse.py INFO NYT-Tech успешно обновлён
2022-02-28 10:51:02,881 habr_parser.py INFO Habr успешно обновлён
2022-02-28 10:51:06,177 habr.py INFO Habr Python успешно обновлён
2022-02-28 10:51:06,646 currency_parser.py WARNING 'NoneType' object has no attribute 'text' при обновлении курса валют
2022-02-28 10:51:07,266 tproger.py INFO Tproger успешно обновлён
2022-02-28 10:51:08,270 nyt_tech_parse.py INFO NYT-Tech успешно обновлён
2022-02-28 11:00:46,231 habr_parser.py INFO Habr успешно обновлён
2022-02-28 11:00:47,190 habr_parser.py INFO Habr успешно обновлён
2022-02-28 11:00:50,654 habr.py INFO Habr Python успешно обновлён
2022-02-28 11:00:50,837 habr.py INFO Habr Python успешно обновлён
2022-02-28 11:00:51,072 currency_parser.py WARNING 'NoneType' object has no attribute 'text' при обновлении курса валют
2022-02-28 11:00:51,273 currency_parser.py WARNING 'NoneType' object has no attribute 'text' при обновлении курса валют
2022-02-28 11:00:51,950 tproger.py INFO Tproger успешно обновлён
2022-02-28 11:00:52,070 tproger.py INFO Tproger успешно обновлён
2022-02-28 11:00:53,062 nyt_tech_parse.py INFO NYT-Tech успешно обновлён
2022-02-28 11:00:53,062 parser.py INFO База данных успешно обновлена
2022-02-28 11:00:53,115 nyt_tech_parse.py INFO NYT-Tech успешно обновлён
2022-02-28 11:00:53,115 parser.py INFO База данных успешно обновлена
2022-02-28 11:10:45,931 habr_parser.py INFO Habr успешно обновлён
2022-02-28 11:10:47,847 habr_parser.py INFO Habr успешно обновлён
2022-02-28 11:10:50,279 habr.py INFO Habr Python успешно обновлён
2022-02-28 11:10:51,172 habr.py INFO Habr Python успешно обновлён
2022-02-28 11:10:52,489 currency_parser.py INFO Курсы валют успешно обновлены
2022-02-28 11:10:53,241 tproger.py INFO Tproger успешно обновлён
2022-02-28 11:10:54,131 nyt_tech_parse.py INFO NYT-Tech успешно обновлён
2022-02-28 11:10:54,131 parser.py INFO База данных успешно обновлена
2022-02-28 11:10:54,152 currency_parser.py INFO Курсы валют успешно обновлены
2022-02-28 11:10:54,887 tproger.py INFO Tproger успешно обновлён
2022-02-28 11:10:55,461 nyt_tech_parse.py INFO NYT-Tech успешно обновлён
2022-02-28 11:10:55,461 parser.py INFO База данных успешно обновлена
2022-02-28 11:20:46,138 habr_parser.py INFO Habr успешно обновлён
2022-02-28 11:20:47,525 habr_parser.py INFO Habr успешно обновлён
2022-02-28 11:20:50,066 habr.py INFO Habr Python успешно обновлён
2022-02-28 11:20:50,855 habr.py INFO Habr Python успешно обновлён
2022-02-28 11:20:52,158 currency_parser.py INFO Курсы валют успешно обновлены
2022-02-28 11:20:53,034 tproger.py INFO Tproger успешно обновлён
2022-02-28 11:20:53,191 currency_parser.py INFO Курсы валют успешно обновлены
2022-02-28 11:20:54,097 nyt_tech_parse.py INFO NYT-Tech успешно обновлён
2022-02-28 11:20:54,097 parser.py INFO База данных успешно обновлена
2022-02-28 11:20:54,278 tproger.py INFO Tproger успешно обновлён
2022-02-28 11:20:54,968 nyt_tech_parse.py INFO NYT-Tech успешно обновлён
2022-02-28 11:20:54,968 parser.py INFO База данных успешно обновлена
2022-02-28 11:30:46,995 habr_parser.py INFO Habr успешно обновлён
2022-02-28 11:30:48,347 habr_parser.py INFO Habr успешно обновлён
2022-02-28 11:30:51,140 habr.py INFO Habr Python успешно обновлён
2022-02-28 11:30:51,602 habr.py INFO Habr Python успешно обновлён
2022-02-28 11:30:53,692 currency_parser.py INFO Курсы валют успешно обновлены
2022-02-28 11:30:53,760 currency_parser.py INFO Курсы валют успешно обновлены
2022-02-28 11:30:54,840 tproger.py INFO Tproger успешно обновлён
2022-02-28 11:30:55,003 tproger.py INFO Tproger успешно обновлён
2022-02-28 11:30:55,701 nyt_tech_parse.py INFO NYT-Tech успешно обновлён
2022-02-28 11:30:55,702 parser.py INFO База данных успешно обновлена
2022-02-28 11:30:55,736 nyt_tech_parse.py INFO NYT-Tech успешно обновлён
2022-02-28 11:30:55,737 parser.py INFO База данных успешно обновлена
2022-02-28 21:21:00,338 habr_parser.py INFO Habr успешно обновлён
2022-02-28 21:21:04,769 habr.py INFO Habr Python успешно обновлён
2022-02-28 21:21:07,421 currency_parser.py INFO Курсы валют успешно обновлены
2022-02-28 21:21:08,715 tproger.py INFO Tproger успешно обновлён
2022-02-28 21:21:09,880 nyt_tech_parse.py INFO NYT-Tech успешно обновлён
2022-02-28 21:28:39,149 habr_parser.py INFO Habr успешно обновлён
2022-02-28 21:28:39,534 habr_parser.py INFO Habr успешно обновлён
2022-02-28 21:28:44,575 habr.py INFO Habr Python успешно обновлён
2022-02-28 21:28:45,356 habr.py INFO Habr Python успешно обновлён
2022-02-28 21:28:47,026 currency_parser.py INFO Курсы валют успешно обновлены
2022-02-28 21:28:47,862 currency_parser.py INFO Курсы валют успешно обновлены
2022-02-28 21:28:48,202 tproger.py INFO Tproger успешно обновлён
2022-02-28 21:28:48,801 tproger.py INFO Tproger успешно обновлён
2022-02-28 21:28:49,619 nyt_tech_parse.py INFO NYT-Tech успешно обновлён
2022-02-28 21:28:49,619 parser.py INFO База данных успешно обновлена
2022-02-28 21:28:49,635 nyt_tech_parse.py INFO NYT-Tech успешно обновлён
2022-02-28 21:28:49,651 parser.py INFO База данных успешно обновлена
2022-02-28 21:38:38,380 habr_parser.py INFO Habr успешно обновлён
2022-02-28 21:38:39,198 habr_parser.py INFO Habr успешно обновлён
2022-02-28 21:38:43,580 habr.py INFO Habr Python успешно обновлён
2022-02-28 21:38:43,729 habr.py INFO Habr Python успешно обновлён
2022-02-28 21:38:45,774 currency_parser.py INFO Курсы валют успешно обновлены
2022-02-28 21:38:45,869 currency_parser.py INFO Курсы валют успешно обновлены
2022-02-28 21:38:47,134 tproger.py INFO Tproger успешно обновлён
2022-02-28 21:38:47,159 tproger.py INFO Tproger успешно обновлён
2022-02-28 21:38:48,589 nyt_tech_parse.py INFO NYT-Tech успешно обновлён
2022-02-28 21:38:48,589 parser.py INFO База данных успешно обновлена
2022-02-28 21:38:48,645 nyt_tech_parse.py INFO NYT-Tech успешно обновлён
2022-02-28 21:38:48,645 parser.py INFO База данных успешно обновлена
2022-02-28 21:48:38,463 habr_parser.py INFO Habr успешно обновлён
2022-02-28 21:48:40,618 habr_parser.py INFO Habr успешно обновлён
2022-02-28 21:48:43,313 habr.py INFO Habr Python успешно обновлён
2022-02-28 21:48:43,671 habr.py INFO Habr Python успешно обновлён
2022-02-28 21:48:45,492 currency_parser.py INFO Курсы валют успешно обновлены
2022-02-28 21:48:45,704 currency_parser.py INFO Курсы валют успешно обновлены
2022-02-28 21:48:46,694 tproger.py INFO Tproger успешно обновлён
2022-02-28 21:48:46,908 tproger.py INFO Tproger успешно обновлён
2022-02-28 21:48:47,645 nyt_tech_parse.py INFO NYT-Tech успешно обновлён
2022-02-28 21:48:47,645 parser.py INFO База данных успешно обновлена
2022-02-28 21:48:47,673 nyt_tech_parse.py INFO NYT-Tech успешно обновлён
2022-02-28 21:48:47,681 parser.py INFO База данных успешно обновлена
2022-02-28 21:58:37,623 habr_parser.py INFO Habr успешно обновлён
2022-02-28 21:58:38,621 habr_parser.py INFO Habr успешно обновлён
2022-02-28 21:58:41,491 habr.py INFO Habr Python успешно обновлён
2022-02-28 21:58:41,768 habr.py INFO Habr Python успешно обновлён
2022-02-28 21:58:43,743 currency_parser.py INFO Курсы валют успешно обновлены
2022-02-28 21:58:43,955 currency_parser.py INFO Курсы валют успешно обновлены
2022-02-28 21:58:44,658 tproger.py INFO Tproger успешно обновлён
2022-02-28 21:58:44,929 tproger.py INFO Tproger успешно обновлён
2022-02-28 21:58:45,729 nyt_tech_parse.py INFO NYT-Tech успешно обновлён
2022-02-28 21:58:45,729 parser.py INFO База данных успешно обновлена
2022-02-28 21:58:45,790 nyt_tech_parse.py INFO NYT-Tech успешно обновлён
2022-02-28 21:58:45,790 parser.py INFO База данных успешно обновлена
2022-02-28 22:23:18,330 habr_parser.py INFO Habr успешно обновлён
2022-02-28 22:23:22,505 habr.py INFO Habr Python успешно обновлён
2022-02-28 22:23:25,152 currency_parser.py INFO Курсы валют успешно обновлены
2022-02-28 22:23:26,234 tproger.py INFO Tproger успешно обновлён
2022-02-28 22:23:27,192 nyt_tech_parse.py INFO NYT-Tech успешно обновлён
2022-03-01 11:01:23,901 habr_parser.py INFO Habr успешно обновлён
2022-03-01 11:01:27,600 habr.py INFO Habr Python успешно обновлён
2022-03-01 11:01:29,927 currency_parser.py INFO Курсы валют успешно обновлены
2022-03-01 11:01:33,177 tproger.py INFO Tproger успешно обновлён
2022-03-01 11:01:34,149 nyt_tech_parse.py INFO NYT-Tech успешно обновлён
2022-03-01 11:11:15,948 habr_parser.py INFO Habr успешно обновлён
2022-03-01 11:11:18,359 habr_parser.py INFO Habr успешно обновлён
2022-03-01 11:11:19,612 habr.py INFO Habr Python успешно обновлён
2022-03-01 11:11:21,968 habr.py INFO Habr Python успешно обновлён
2022-03-01 11:11:22,338 currency_parser.py INFO Курсы валют успешно обновлены
2022-03-01 11:11:23,106 tproger.py INFO Tproger успешно обновлён
2022-03-01 11:11:23,898 currency_parser.py INFO Курсы валют успешно обновлены
2022-03-01 11:11:24,028 nyt_tech_parse.py INFO NYT-Tech успешно обновлён
2022-03-01 11:11:24,028 parser.py INFO База данных успешно обновлена
2022-03-01 11:11:24,348 tproger.py INFO Tproger успешно обновлён
2022-03-01 11:11:24,974 nyt_tech_parse.py INFO NYT-Tech успешно обновлён
2022-03-01 11:11:24,974 parser.py INFO База данных успешно обновлена
2022-03-01 11:21:17,183 habr_parser.py INFO Habr успешно обновлён
2022-03-01 11:21:18,412 habr_parser.py INFO Habr успешно обновлён
2022-03-01 11:21:21,175 habr.py INFO Habr Python успешно обновлён
2022-03-01 11:21:21,547 habr.py INFO Habr Python успешно обновлён
2022-03-01 11:21:25,596 currency_parser.py INFO Курсы валют успешно обновлены
2022-03-01 11:21:25,870 currency_parser.py INFO Курсы валют успешно обновлены
2022-03-01 11:21:28,996 tproger.py INFO Tproger успешно обновлён
2022-03-01 11:21:29,038 tproger.py INFO Tproger успешно обновлён
2022-03-01 11:21:29,857 nyt_tech_parse.py INFO NYT-Tech успешно обновлён
2022-03-01 11:21:29,858 parser.py INFO База данных успешно обновлена
2022-03-01 11:21:29,908 nyt_tech_parse.py INFO NYT-Tech успешно обновлён
2022-03-01 11:21:29,908 parser.py INFO База данных успешно обновлена
2022-03-01 11:31:17,573 habr_parser.py INFO Habr успешно обновлён
2022-03-01 11:31:19,456 habr_parser.py INFO Habr успешно обновлён
2022-03-01 11:31:22,255 habr.py INFO Habr Python успешно обновлён
2022-03-01 11:31:22,593 habr.py INFO Habr Python успешно обновлён
2022-03-01 11:31:24,677 currency_parser.py INFO Курсы валют успешно обновлены
2022-03-01 11:31:24,696 currency_parser.py INFO Курсы валют успешно обновлены
2022-03-01 11:31:25,649 tproger.py INFO Tproger успешно обновлён
2022-03-01 11:31:25,832 tproger.py INFO Tproger успешно обновлён
2022-03-01 11:31:27,725 nyt_tech_parse.py INFO NYT-Tech успешно обновлён
2022-03-01 11:31:27,725 parser.py INFO База данных успешно обновлена
2022-03-01 11:31:27,758 nyt_tech_parse.py INFO NYT-Tech успешно обновлён
2022-03-01 11:31:27,758 parser.py INFO База данных успешно обновлена
2022-03-01 11:41:16,770 habr_parser.py INFO Habr успешно обновлён
2022-03-01 11:41:18,692 habr_parser.py INFO Habr успешно обновлён
2022-03-01 11:41:21,052 habr.py INFO Habr Python успешно обновлён
2022-03-01 11:41:21,699 habr.py INFO Habr Python успешно обновлён
2022-03-01 11:41:24,180 currency_parser.py INFO Курсы валют успешно обновлены
2022-03-01 11:41:24,611 currency_parser.py INFO Курсы валют успешно обновлены
2022-03-01 11:41:24,903 tproger.py INFO Tproger успешно обновлён
2022-03-01 11:41:25,311 tproger.py INFO Tproger успешно обновлён
2022-03-01 11:41:26,012 nyt_tech_parse.py INFO NYT-Tech успешно обновлён
2022-03-01 11:41:26,017 parser.py INFO База данных успешно обновлена
2022-03-01 11:41:26,212 nyt_tech_parse.py INFO NYT-Tech успешно обновлён
2022-03-01 11:41:26,214 parser.py INFO База данных успешно обновлена
2022-03-01 11:51:17,991 habr_parser.py INFO Habr успешно обновлён
2022-03-01 11:51:18,272 habr_parser.py INFO Habr успешно обновлён
2022-03-01 11:51:21,975 habr.py INFO Habr Python успешно обновлён
2022-03-01 11:51:22,178 habr.py INFO Habr Python успешно обновлён
2022-03-01 11:51:24,070 currency_parser.py INFO Курсы валют успешно обновлены
2022-03-01 11:51:24,357 currency_parser.py INFO Курсы валют успешно обновлены
2022-03-01 11:51:24,721 tproger.py INFO Tproger успешно обновлён
2022-03-01 11:51:25,056 tproger.py INFO Tproger успешно обновлён
2022-03-01 11:51:26,040 nyt_tech_parse.py INFO NYT-Tech успешно обновлён
2022-03-01 11:51:26,041 parser.py INFO База данных успешно обновлена
2022-03-01 11:51:26,258 nyt_tech_parse.py INFO NYT-Tech успешно обновлён
2022-03-01 11:51:26,258 parser.py INFO База данных успешно обновлена
2022-03-01 12:01:16,929 habr_parser.py INFO Habr успешно обновлён
2022-03-01 12:01:18,129 habr_parser.py INFO Habr успешно обновлён
2022-03-01 12:01:21,314 habr.py INFO Habr Python успешно обновлён
2022-03-01 12:01:21,335 habr.py INFO Habr Python успешно обновлён
2022-03-01 12:01:23,867 currency_parser.py INFO Курсы валют успешно обновлены
2022-03-01 12:01:23,918 currency_parser.py INFO Курсы валют успешно обновлены
2022-03-01 12:01:24,651 tproger.py INFO Tproger успешно обновлён
2022-03-01 12:01:24,804 tproger.py INFO Tproger успешно обновлён
2022-03-01 12:01:25,761 nyt_tech_parse.py INFO NYT-Tech успешно обновлён
2022-03-01 12:01:25,762 parser.py INFO База данных успешно обновлена
2022-03-01 12:01:25,804 nyt_tech_parse.py INFO NYT-Tech успешно обновлён
2022-03-01 12:01:25,805 parser.py INFO База данных успешно обновлена
2022-03-01 12:51:16,028 habr_parser.py INFO Habr успешно обновлён
2022-03-01 12:51:17,174 habr_parser.py INFO Habr успешно обновлён
2022-03-01 12:51:19,729 habr.py INFO Habr Python успешно обновлён
2022-03-01 12:51:19,967 habr.py INFO Habr Python успешно обновлён
2022-03-01 12:51:22,764 currency_parser.py INFO Курсы валют успешно обновлены
2022-03-01 12:51:22,858 currency_parser.py INFO Курсы валют успешно обновлены
2022-03-01 12:51:23,423 tproger.py INFO Tproger успешно обновлён
2022-03-01 12:51:23,495 tproger.py INFO Tproger успешно обновлён
2022-03-01 12:51:24,567 nyt_tech_parse.py INFO NYT-Tech успешно обновлён
2022-03-01 12:51:24,567 parser.py INFO База данных успешно обновлена
2022-03-01 12:51:24,573 nyt_tech_parse.py INFO NYT-Tech успешно обновлён
2022-03-01 12:51:24,573 parser.py INFO База данных успешно обновлена
2022-03-01 13:01:17,202 habr_parser.py INFO Habr успешно обновлён
2022-03-01 13:01:17,296 habr_parser.py INFO Habr успешно обновлён
2022-03-01 13:01:21,140 habr.py INFO Habr Python успешно обновлён
2022-03-01 13:01:21,390 habr.py INFO Habr Python успешно обновлён
2022-03-01 13:01:23,244 currency_parser.py INFO Курсы валют успешно обновлены
2022-03-01 13:01:23,264 currency_parser.py INFO Курсы валют успешно обновлены
2022-03-01 13:01:23,783 tproger.py INFO Tproger успешно обновлён
2022-03-01 13:01:23,811 tproger.py INFO Tproger успешно обновлён
2022-03-01 13:01:24,842 nyt_tech_parse.py INFO NYT-Tech успешно обновлён
2022-03-01 13:01:24,842 parser.py INFO База данных успешно обновлена
2022-03-01 13:01:24,929 nyt_tech_parse.py INFO NYT-Tech успешно обновлён
2022-03-01 13:01:24,929 parser.py INFO База данных успешно обновлена
2022-03-01 13:11:15,896 habr_parser.py INFO Habr успешно обновлён
2022-03-01 13:11:17,373 habr_parser.py INFO Habr успешно обновлён
2022-03-01 13:11:20,175 habr.py INFO Habr Python успешно обновлён
2022-03-01 13:11:20,245 habr.py INFO Habr Python успешно обновлён
2022-03-01 13:11:23,358 currency_parser.py INFO Курсы валют успешно обновлены
2022-03-01 13:11:23,411 currency_parser.py INFO Курсы валют успешно обновлены
2022-03-01 13:11:23,987 tproger.py INFO Tproger успешно обновлён
2022-03-01 13:11:24,070 tproger.py INFO Tproger успешно обновлён
2022-03-01 13:11:24,916 nyt_tech_parse.py INFO NYT-Tech успешно обновлён
2022-03-01 13:11:24,916 parser.py INFO База данных успешно обновлена
2022-03-01 13:11:24,937 nyt_tech_parse.py INFO NYT-Tech успешно обновлён
2022-03-01 13:11:24,938 parser.py INFO База данных успешно обновлена
2022-03-01 13:21:16,638 habr_parser.py INFO Habr успешно обновлён
2022-03-01 13:21:17,240 habr_parser.py INFO Habr успешно обновлён
2022-03-01 13:21:22,239 habr.py INFO Habr Python успешно обновлён
2022-03-01 13:21:23,831 habr.py INFO Habr Python успешно обновлён
2022-03-01 13:21:26,080 currency_parser.py INFO Курсы валют успешно обновлены
2022-03-01 13:21:27,036 tproger.py INFO Tproger успешно обновлён
2022-03-01 13:21:27,378 currency_parser.py INFO Курсы валют успешно обновлены
2022-03-01 13:21:27,808 tproger.py INFO Tproger успешно обновлён
2022-03-01 13:21:27,938 nyt_tech_parse.py INFO NYT-Tech успешно обновлён
2022-03-01 13:21:27,938 parser.py INFO База данных успешно обновлена
2022-03-01 13:21:28,439 nyt_tech_parse.py INFO NYT-Tech успешно обновлён
2022-03-01 13:21:28,439 parser.py INFO База данных успешно обновлена
2022-03-01 13:31:17,355 habr_parser.py INFO Habr успешно обновлён
2022-03-01 13:31:17,366 habr_parser.py INFO Habr успешно обновлён
2022-03-01 13:31:20,898 habr.py INFO Habr Python успешно обновлён
2022-03-01 13:31:20,987 habr.py INFO Habr Python успешно обновлён
2022-03-01 13:31:23,180 currency_parser.py INFO Курсы валют успешно обновлены
2022-03-01 13:31:23,201 currency_parser.py INFO Курсы валют успешно обновлены
2022-03-01 13:31:23,917 tproger.py INFO Tproger успешно обновлён
2022-03-01 13:31:23,943 tproger.py INFO Tproger успешно обновлён
2022-03-01 13:31:24,893 nyt_tech_parse.py INFO NYT-Tech успешно обновлён
2022-03-01 13:31:24,893 parser.py INFO База данных успешно обновлена
2022-03-01 13:31:24,939 nyt_tech_parse.py INFO NYT-Tech успешно обновлён
2022-03-01 13:31:24,939 parser.py INFO База данных успешно обновлена
2022-03-01 15:51:15,802 habr_parser.py INFO Habr успешно обновлён
2022-03-01 15:51:17,229 habr_parser.py INFO Habr успешно обновлён
2022-03-01 15:51:19,431 habr.py INFO Habr Python успешно обновлён
2022-03-01 15:51:19,771 habr.py INFO Habr Python успешно обновлён
2022-03-01 15:51:21,717 currency_parser.py INFO Курсы валют успешно обновлены
2022-03-01 15:51:21,763 currency_parser.py INFO Курсы валют успешно обновлены
2022-03-01 15:51:22,368 tproger.py INFO Tproger успешно обновлён
2022-03-01 15:51:22,500 tproger.py INFO Tproger успешно обновлён
2022-03-01 15:51:23,251 nyt_tech_parse.py INFO NYT-Tech успешно обновлён
2022-03-01 15:51:23,251 parser.py INFO База данных успешно обновлена
2022-03-01 15:51:23,278 nyt_tech_parse.py INFO NYT-Tech успешно обновлён
2022-03-01 15:51:23,278 parser.py INFO База данных успешно обновлена
2022-03-01 16:01:16,045 habr_parser.py INFO Habr успешно обновлён
2022-03-01 16:01:17,248 habr_parser.py INFO Habr успешно обновлён
2022-03-01 16:01:19,292 habr.py INFO Habr Python успешно обновлён
2022-03-01 16:01:19,760 habr.py INFO Habr Python успешно обновлён
2022-03-01 16:01:21,474 currency_parser.py INFO Курсы валют успешно обновлены
2022-03-01 16:01:21,635 currency_parser.py INFO Курсы валют успешно обновлены
2022-03-01 16:01:23,351 tproger.py INFO Tproger успешно обновлён
2022-03-01 16:01:23,384 tproger.py INFO Tproger успешно обновлён
2022-03-01 16:01:24,704 nyt_tech_parse.py INFO NYT-Tech успешно обновлён
2022-03-01 16:01:24,704 parser.py INFO База данных успешно обновлена
2022-03-01 16:01:24,730 nyt_tech_parse.py INFO NYT-Tech успешно обновлён
2022-03-01 16:01:24,730 parser.py INFO База данных успешно обновлена
2022-03-01 16:11:16,229 habr_parser.py INFO Habr успешно обновлён
2022-03-01 16:11:19,626 habr.py INFO Habr Python успешно обновлён
2022-03-01 16:11:21,787 currency_parser.py INFO Курсы валют успешно обновлены
2022-03-01 16:11:23,637 tproger.py INFO Tproger успешно обновлён
2022-03-01 16:11:24,501 nyt_tech_parse.py INFO NYT-Tech успешно обновлён
2022-03-01 16:11:24,502 parser.py INFO База данных успешно обновлена
2022-03-01 16:21:15,907 habr_parser.py INFO Habr успешно обновлён
2022-03-01 16:21:19,635 habr.py INFO Habr Python успешно обновлён
2022-03-01 16:21:21,814 currency_parser.py INFO Курсы валют успешно обновлены
2022-03-01 16:21:22,555 tproger.py INFO Tproger успешно обновлён
2022-03-01 16:21:23,567 nyt_tech_parse.py INFO NYT-Tech успешно обновлён
2022-03-01 16:21:23,568 parser.py INFO База данных успешно обновлена
2022-03-01 16:31:16,663 habr_parser.py INFO Habr успешно обновлён
2022-03-01 16:31:19,852 habr.py INFO Habr Python успешно обновлён
2022-03-01 16:31:24,445 currency_parser.py INFO Курсы валют успешно обновлены
2022-03-01 16:31:25,085 tproger.py INFO Tproger успешно обновлён
2022-03-01 16:31:25,967 nyt_tech_parse.py INFO NYT-Tech успешно обновлён
2022-03-01 16:31:25,967 parser.py INFO База данных успешно обновлена
2022-03-01 20:52:00,724 habr_parser.py INFO Habr успешно обновлён
2022-03-01 20:52:04,132 habr.py INFO Habr Python успешно обновлён
2022-03-01 20:52:08,325 currency_parser.py INFO Курсы валют успешно обновлены
2022-03-01 20:52:09,403 tproger.py INFO Tproger успешно обновлён
2022-03-01 20:52:10,316 nyt_tech_parse.py INFO NYT-Tech успешно обновлён
2022-03-01 21:01:52,046 habr_parser.py INFO Habr успешно обновлён
2022-03-01 21:01:53,415 habr_parser.py INFO Habr успешно обновлён
2022-03-01 21:01:55,340 habr.py INFO Habr Python успешно обновлён
2022-03-01 21:01:55,769 habr.py INFO Habr Python успешно обновлён
2022-03-01 21:01:57,301 currency_parser.py INFO Курсы валют успешно обновлены
2022-03-01 21:01:57,542 currency_parser.py INFO Курсы валют успешно обновлены
2022-03-01 21:01:57,833 tproger.py INFO Tproger успешно обновлён
2022-03-01 21:01:57,959 tproger.py INFO Tproger успешно обновлён
2022-03-01 21:01:58,949 nyt_tech_parse.py INFO NYT-Tech успешно обновлён
2022-03-01 21:01:58,949 parser.py INFO База данных успешно обновлена
2022-03-01 21:01:59,645 nyt_tech_parse.py INFO NYT-Tech успешно обновлён
2022-03-01 21:01:59,645 parser.py INFO База данных успешно обновлена
2022-03-01 21:11:53,082 habr_parser.py INFO Habr успешно обновлён
2022-03-01 21:11:54,532 habr_parser.py INFO Habr успешно обновлён
2022-03-01 21:11:57,045 habr.py INFO Habr Python успешно обновлён
2022-03-01 21:11:57,179 habr.py INFO Habr Python успешно обновлён
2022-03-01 21:11:59,143 currency_parser.py INFO Курсы валют успешно обновлены
2022-03-01 21:11:59,158 currency_parser.py INFO Курсы валют успешно обновлены
2022-03-01 21:12:00,063 tproger.py INFO Tproger успешно обновлён
2022-03-01 21:12:00,127 tproger.py INFO Tproger успешно обновлён
2022-03-01 21:12:02,222 nyt_tech_parse.py INFO NYT-Tech успешно обновлён
2022-03-01 21:12:02,222 parser.py INFO База данных успешно обновлена
2022-03-01 21:12:02,852 nyt_tech_parse.py INFO NYT-Tech успешно обновлён
2022-03-01 21:12:02,857 parser.py INFO База данных успешно обновлена
2022-03-01 21:21:53,256 habr_parser.py INFO Habr успешно обновлён
2022-03-01 21:21:54,891 habr_parser.py INFO Habr успешно обновлён
2022-03-01 21:21:57,013 habr.py INFO Habr Python успешно обновлён
2022-03-01 21:21:57,702 habr.py INFO Habr Python успешно обновлён
2022-03-01 21:21:59,142 currency_parser.py INFO Курсы валют успешно обновлены
2022-03-01 21:21:59,774 currency_parser.py INFO Курсы валют успешно обновлены
2022-03-01 21:22:00,066 tproger.py INFO Tproger успешно обновлён
2022-03-01 21:22:00,716 tproger.py INFO Tproger успешно обновлён
2022-03-01 21:22:01,069 nyt_tech_parse.py INFO NYT-Tech успешно обновлён
2022-03-01 21:22:01,069 parser.py INFO База данных успешно обновлена
2022-03-01 21:22:01,407 nyt_tech_parse.py INFO NYT-Tech успешно обновлён
2022-03-01 21:22:01,407 parser.py INFO База данных успешно обновлена
2022-03-01 21:31:53,098 habr_parser.py INFO Habr успешно обновлён
2022-03-01 21:31:54,990 habr_parser.py INFO Habr успешно обновлён
2022-03-01 21:31:57,671 habr.py INFO Habr Python успешно обновлён
2022-03-01 21:31:57,859 habr.py INFO Habr Python успешно обновлён
2022-03-01 21:32:00,131 currency_parser.py INFO Курсы валют успешно обновлены
2022-03-01 21:32:00,306 currency_parser.py INFO Курсы валют успешно обновлены
2022-03-01 21:32:01,350 tproger.py INFO Tproger успешно обновлён
2022-03-01 21:32:01,362 tproger.py INFO Tproger успешно обновлён
2022-03-01 21:32:02,358 nyt_tech_parse.py INFO NYT-Tech успешно обновлён
2022-03-01 21:32:02,358 parser.py INFO База данных успешно обновлена
2022-03-01 21:32:02,391 nyt_tech_parse.py INFO NYT-Tech успешно обновлён
2022-03-01 21:32:02,391 parser.py INFO База данных успешно обновлена
2022-03-01 21:41:53,379 habr_parser.py INFO Habr успешно обновлён
2022-03-01 21:41:54,433 habr_parser.py INFO Habr успешно обновлён
2022-03-01 21:41:57,272 habr.py INFO Habr Python успешно обновлён
2022-03-01 21:41:57,429 habr.py INFO Habr Python успешно обновлён
2022-03-01 21:41:59,422 currency_parser.py INFO Курсы валют успешно обновлены
2022-03-01 21:41:59,566 currency_parser.py INFO Курсы валют успешно обновлены
2022-03-01 21:42:00,141 tproger.py INFO Tproger успешно обновлён
2022-03-01 21:42:00,480 tproger.py INFO Tproger успешно обновлён
2022-03-01 21:42:01,054 nyt_tech_parse.py INFO NYT-Tech успешно обновлён
2022-03-01 21:42:01,054 parser.py INFO База данных успешно обновлена
2022-03-01 21:42:01,130 nyt_tech_parse.py INFO NYT-Tech успешно обновлён
2022-03-01 21:42:01,130 parser.py INFO База данных успешно обновлена
2022-03-02 10:01:45,798 habr_parser.py INFO Habr успешно обновлён
2022-03-02 10:01:50,297 habr.py INFO Habr Python успешно обновлён
2022-03-02 10:01:52,960 currency_parser.py INFO Курсы валют успешно обновлены
2022-03-02 10:01:54,068 tproger.py INFO Tproger успешно обновлён
2022-03-02 10:01:55,518 nyt_tech_parse.py INFO NYT-Tech успешно обновлён
2022-03-02 10:15:54,993 habr_parser.py INFO Habr успешно обновлён
2022-03-02 10:15:56,366 habr_parser.py INFO Habr успешно обновлён
2022-03-02 10:15:58,602 habr.py INFO Habr Python успешно обновлён
2022-03-02 10:15:59,152 habr.py INFO Habr Python успешно обновлён
2022-03-02 10:16:00,603 currency_parser.py INFO Курсы валют успешно обновлены
2022-03-02 10:16:00,952 currency_parser.py INFO Курсы валют успешно обновлены
2022-03-02 10:16:01,535 tproger.py INFO Tproger успешно обновлён
2022-03-02 10:16:01,782 tproger.py INFO Tproger успешно обновлён
2022-03-02 10:16:02,602 nyt_tech_parse.py INFO NYT-Tech успешно обновлён
2022-03-02 10:16:02,602 parser.py INFO База данных успешно обновлена
2022-03-02 10:16:02,693 nyt_tech_parse.py INFO NYT-Tech успешно обновлён
2022-03-02 10:16:02,693 parser.py INFO База данных успешно обновлена
2022-03-02 10:25:54,623 habr_parser.py INFO Habr успешно обновлён
2022-03-02 10:25:55,837 habr_parser.py INFO Habr успешно обновлён
2022-03-02 10:25:58,092 habr.py INFO Habr Python успешно обновлён
2022-03-02 10:25:58,237 habr.py INFO Habr Python успешно обновлён
2022-03-02 10:26:00,069 currency_parser.py INFO Курсы валют успешно обновлены
2022-03-02 10:26:00,182 currency_parser.py INFO Курсы валют успешно обновлены
2022-03-02 10:26:00,697 tproger.py INFO Tproger успешно обновлён
2022-03-02 10:26:00,752 tproger.py INFO Tproger успешно обновлён
2022-03-02 10:26:01,973 nyt_tech_parse.py INFO NYT-Tech успешно обновлён
2022-03-02 10:26:01,973 parser.py INFO База данных успешно обновлена
2022-03-02 10:26:02,004 nyt_tech_parse.py INFO NYT-Tech успешно обновлён
2022-03-02 10:26:02,004 parser.py INFO База данных успешно обновлена
2022-03-02 10:29:38,999 habr_parser.py INFO Habr успешно обновлён
2022-03-02 10:29:42,781 habr.py INFO Habr Python успешно обновлён
2022-03-02 10:29:45,914 currency_parser.py INFO Курсы валют успешно обновлены
2022-03-02 10:29:46,719 tproger.py INFO Tproger успешно обновлён
2022-03-02 10:29:47,471 nyt_tech_parse.py INFO NYT-Tech успешно обновлён
2022-03-02 10:29:47,471 parser.py INFO База данных успешно обновлена
2022-03-02 10:35:55,132 habr_parser.py INFO Habr успешно обновлён
2022-03-02 10:35:58,423 habr.py INFO Habr Python успешно обновлён
2022-03-02 10:36:00,482 currency_parser.py INFO Курсы валют успешно обновлены
2022-03-02 10:36:01,022 tproger.py INFO Tproger успешно обновлён
2022-03-02 10:36:02,025 nyt_tech_parse.py INFO NYT-Tech успешно обновлён
2022-03-02 10:36:02,025 parser.py INFO База данных успешно обновлена
2022-03-02 10:39:39,162 habr_parser.py INFO Habr успешно обновлён
2022-03-02 10:39:42,927 habr.py INFO Habr Python успешно обновлён
2022-03-02 10:39:45,791 currency_parser.py INFO Курсы валют успешно обновлены
2022-03-02 10:39:46,472 tproger.py INFO Tproger успешно обновлён
2022-03-02 10:39:47,696 nyt_tech_parse.py INFO NYT-Tech успешно обновлён
2022-03-02 10:39:47,696 parser.py INFO База данных успешно обновлена
2022-03-02 10:45:55,024 habr_parser.py INFO Habr успешно обновлён
2022-03-02 10:45:58,954 habr.py INFO Habr Python успешно обновлён
2022-03-02 10:46:01,115 currency_parser.py INFO Курсы валют успешно обновлены
2022-03-02 10:46:02,129 tproger.py INFO Tproger успешно обновлён
2022-03-02 10:46:03,144 nyt_tech_parse.py INFO NYT-Tech успешно обновлён
2022-03-02 10:46:03,147 parser.py INFO База данных успешно обновлена
2022-03-02 10:48:01,854 habr_parser.py INFO Habr успешно обновлён
2022-03-02 10:48:06,084 habr.py INFO Habr Python успешно обновлён
2022-03-02 10:48:08,978 currency_parser.py INFO Курсы валют успешно обновлены
2022-03-02 10:48:09,924 tproger.py INFO Tproger успешно обновлён
2022-03-02 10:48:10,774 nyt_tech_parse.py INFO NYT-Tech успешно обновлён
2022-03-02 10:48:10,774 parser.py INFO База данных успешно обновлена
2022-03-02 10:49:40,354 habr_parser.py INFO Habr успешно обновлён
2022-03-02 10:49:44,884 habr.py INFO Habr Python успешно обновлён
2022-03-02 10:49:47,194 currency_parser.py INFO Курсы валют успешно обновлены
2022-03-02 10:49:47,874 tproger.py INFO Tproger успешно обновлён
2022-03-02 10:49:49,826 nyt_tech_parse.py INFO NYT-Tech успешно обновлён
2022-03-02 10:49:49,826 parser.py INFO База данных успешно обновлена
2022-03-02 11:15:54,862 habr_parser.py INFO Habr успешно обновлён
2022-03-02 11:15:58,777 habr.py INFO Habr Python успешно обновлён
2022-03-02 11:16:01,091 currency_parser.py INFO Курсы валют успешно обновлены
2022-03-02 11:16:01,992 tproger.py INFO Tproger успешно обновлён
2022-03-02 11:16:02,961 nyt_tech_parse.py INFO NYT-Tech успешно обновлён
2022-03-02 11:16:02,961 parser.py INFO База данных успешно обновлена
2022-03-02 11:18:01,266 habr_parser.py INFO Habr успешно обновлён
2022-03-02 11:18:06,805 habr.py INFO Habr Python успешно обновлён
2022-03-02 11:18:09,722 currency_parser.py INFO Курсы валют успешно обновлены
2022-03-02 11:18:10,553 tproger.py INFO Tproger успешно обновлён
2022-03-02 11:18:11,131 nyt_tech_parse.py INFO NYT-Tech успешно обновлён
2022-03-02 11:18:11,131 parser.py INFO База данных успешно обновлена
2022-03-02 11:19:40,076 habr_parser.py INFO Habr успешно обновлён
2022-03-02 11:19:44,198 habr.py INFO Habr Python успешно обновлён
2022-03-02 11:19:46,384 currency_parser.py INFO Курсы валют успешно обновлены
2022-03-02 11:19:47,231 tproger.py INFO Tproger успешно обновлён
2022-03-02 11:19:47,930 nyt_tech_parse.py INFO NYT-Tech успешно обновлён
2022-03-02 11:19:47,930 parser.py INFO База данных успешно обновлена
2022-03-02 11:25:54,611 habr_parser.py INFO Habr успешно обновлён
2022-03-02 11:25:58,057 habr.py INFO Habr Python успешно обновлён
2022-03-02 11:26:00,132 currency_parser.py INFO Курсы валют успешно обновлены
2022-03-02 11:26:00,865 tproger.py INFO Tproger успешно обновлён
2022-03-02 11:26:03,030 nyt_tech_parse.py INFO NYT-Tech успешно обновлён
2022-03-02 11:26:03,031 parser.py INFO База данных успешно обновлена
2022-03-02 11:28:01,741 habr_parser.py INFO Habr успешно обновлён
2022-03-02 11:28:08,232 habr.py INFO Habr Python успешно обновлён
2022-03-02 11:28:11,148 currency_parser.py INFO Курсы валют успешно обновлены
2022-03-02 11:28:11,725 tproger.py INFO Tproger успешно обновлён
2022-03-02 11:28:12,505 nyt_tech_parse.py INFO NYT-Tech успешно обновлён
2022-03-02 11:28:12,505 parser.py INFO База данных успешно обновлена
2022-03-02 11:29:38,485 habr_parser.py INFO Habr успешно обновлён
2022-03-02 11:29:42,440 habr.py INFO Habr Python успешно обновлён
2022-03-02 11:29:44,660 currency_parser.py INFO Курсы валют успешно обновлены
2022-03-02 11:29:45,100 tproger.py INFO Tproger успешно обновлён
2022-03-02 11:29:45,870 nyt_tech_parse.py INFO NYT-Tech успешно обновлён
2022-03-02 11:29:45,870 parser.py INFO База данных успешно обновлена
2022-03-02 11:35:54,937 habr_parser.py INFO Habr успешно обновлён
2022-03-02 11:35:58,370 habr.py INFO Habr Python успешно обновлён
2022-03-02 11:36:01,400 currency_parser.py INFO Курсы валют успешно обновлены
2022-03-02 11:36:01,921 tproger.py INFO Tproger успешно обновлён
2022-03-02 11:36:02,688 nyt_tech_parse.py INFO NYT-Tech успешно обновлён
2022-03-02 11:36:02,688 parser.py INFO База данных успешно обновлена
2022-03-02 11:38:01,676 habr_parser.py INFO Habr успешно обновлён
2022-03-02 11:38:05,715 habr.py INFO Habr Python успешно обновлён
2022-03-02 11:38:08,095 currency_parser.py INFO Курсы валют успешно обновлены
2022-03-02 11:38:08,901 tproger.py INFO Tproger успешно обновлён
2022-03-02 11:38:09,644 nyt_tech_parse.py INFO NYT-Tech успешно обновлён
2022-03-02 11:38:09,646 parser.py INFO База данных успешно обновлена
2022-03-02 11:39:40,519 habr_parser.py INFO Habr успешно обновлён
2022-03-02 11:39:44,506 habr.py INFO Habr Python успешно обновлён
2022-03-02 11:39:46,738 currency_parser.py INFO Курсы валют успешно обновлены
2022-03-02 11:39:47,466 tproger.py INFO Tproger успешно обновлён
2022-03-02 11:39:48,199 nyt_tech_parse.py INFO NYT-Tech успешно обновлён
2022-03-02 11:39:48,200 parser.py INFO База данных успешно обновлена
2022-03-02 11:45:54,160 habr_parser.py INFO Habr успешно обновлён
2022-03-02 11:45:57,489 habr.py INFO Habr Python успешно обновлён
2022-03-02 11:45:59,337 currency_parser.py INFO Курсы валют успешно обновлены
2022-03-02 11:45:59,824 tproger.py INFO Tproger успешно обновлён
2022-03-02 11:46:01,545 nyt_tech_parse.py INFO NYT-Tech успешно обновлён
2022-03-02 11:46:01,547 parser.py INFO База данных успешно обновлена
2022-03-02 11:48:02,280 habr_parser.py INFO Habr успешно обновлён
2022-03-02 11:48:06,429 habr.py INFO Habr Python успешно обновлён
2022-03-02 11:48:08,787 currency_parser.py INFO Курсы валют успешно обновлены
2022-03-02 11:48:09,679 tproger.py INFO Tproger успешно обновлён
2022-03-02 11:48:10,282 nyt_tech_parse.py INFO NYT-Tech успешно обновлён
2022-03-02 11:48:10,282 parser.py INFO База данных успешно обновлена
2022-03-02 11:49:40,250 habr_parser.py INFO Habr успешно обновлён
2022-03-02 11:49:44,173 habr.py INFO Habr Python успешно обновлён
2022-03-02 11:49:46,304 currency_parser.py INFO Курсы валют успешно обновлены
2022-03-02 11:49:47,171 tproger.py INFO Tproger успешно обновлён
2022-03-02 11:49:48,061 nyt_tech_parse.py INFO NYT-Tech успешно обновлён
2022-03-02 11:49:48,061 parser.py INFO База данных успешно обновлена
2022-03-02 12:05:55,038 habr_parser.py INFO Habr успешно обновлён
2022-03-02 12:05:58,512 habr.py INFO Habr Python успешно обновлён
2022-03-02 12:06:00,721 currency_parser.py INFO Курсы валют успешно обновлены
2022-03-02 12:06:01,434 tproger.py INFO Tproger успешно обновлён
2022-03-02 12:06:02,488 nyt_tech_parse.py INFO NYT-Tech успешно обновлён
2022-03-02 12:06:02,489 parser.py INFO База данных успешно обновлена
2022-03-02 12:08:01,004 habr_parser.py INFO Habr успешно обновлён
2022-03-02 12:08:04,550 habr.py INFO Habr Python успешно обновлён
2022-03-02 12:08:06,383 currency_parser.py INFO Курсы валют успешно обновлены
2022-03-02 12:08:06,934 tproger.py INFO Tproger успешно обновлён
2022-03-02 12:08:07,588 nyt_tech_parse.py INFO NYT-Tech успешно обновлён
2022-03-02 12:08:07,588 parser.py INFO База данных успешно обновлена
2022-03-02 12:09:39,406 habr_parser.py INFO Habr успешно обновлён
2022-03-02 12:09:42,590 habr.py INFO Habr Python успешно обновлён
2022-03-02 12:09:45,250 currency_parser.py INFO Курсы валют успешно обновлены
2022-03-02 12:09:45,776 tproger.py INFO Tproger успешно обновлён
2022-03-02 12:09:46,404 nyt_tech_parse.py INFO NYT-Tech успешно обновлён
2022-03-02 12:09:46,405 parser.py INFO База данных успешно обновлена
2022-03-02 12:16:03,779 habr_parser.py INFO Habr успешно обновлён
2022-03-02 12:16:07,092 habr.py INFO Habr Python успешно обновлён
2022-03-02 12:16:10,839 currency_parser.py INFO Курсы валют успешно обновлены
2022-03-02 12:16:11,366 tproger.py INFO Tproger успешно обновлён
2022-03-02 12:16:12,203 nyt_tech_parse.py INFO NYT-Tech успешно обновлён
2022-03-02 12:16:12,203 parser.py INFO База данных успешно обновлена
2022-03-02 12:18:00,781 habr_parser.py INFO Habr успешно обновлён
2022-03-02 12:18:04,721 habr.py INFO Habr Python успешно обновлён
2022-03-02 12:18:06,595 currency_parser.py INFO Курсы валют успешно обновлены
2022-03-02 12:18:07,086 tproger.py INFO Tproger успешно обновлён
2022-03-02 12:18:07,924 nyt_tech_parse.py INFO NYT-Tech успешно обновлён
2022-03-02 12:18:07,924 parser.py INFO База данных успешно обновлена
2022-03-02 12:25:54,975 habr_parser.py INFO Habr успешно обновлён
2022-03-02 12:25:58,381 habr.py INFO Habr Python успешно обновлён
2022-03-02 12:25:58,575 habr_parser.py INFO Habr успешно обновлён
2022-03-02 12:26:00,372 currency_parser.py INFO Курсы валют успешно обновлены
2022-03-02 12:26:01,092 tproger.py INFO Tproger успешно обновлён
2022-03-02 12:26:01,295 habr.py INFO Habr Python успешно обновлён
2022-03-02 12:26:01,750 nyt_tech_parse.py INFO NYT-Tech успешно обновлён
2022-03-02 12:26:01,751 parser.py INFO База данных успешно обновлена
2022-03-02 12:26:03,077 currency_parser.py INFO Курсы валют успешно обновлены
2022-03-02 12:26:03,814 tproger.py INFO Tproger успешно обновлён
2022-03-02 12:26:04,263 nyt_tech_parse.py INFO NYT-Tech успешно обновлён
2022-03-02 12:26:04,263 parser.py INFO База данных успешно обновлена
2022-03-02 12:35:54,415 habr_parser.py INFO Habr успешно обновлён
2022-03-02 12:35:57,991 habr.py INFO Habr Python успешно обновлён
2022-03-02 12:35:58,533 habr_parser.py INFO Habr успешно обновлён
2022-03-02 12:35:59,909 currency_parser.py INFO Курсы валют успешно обновлены
2022-03-02 12:36:00,566 tproger.py INFO Tproger успешно обновлён
2022-03-02 12:36:01,340 nyt_tech_parse.py INFO NYT-Tech успешно обновлён
2022-03-02 12:36:01,340 parser.py INFO База данных успешно обновлена
2022-03-02 12:36:01,746 habr.py INFO Habr Python успешно обновлён
2022-03-02 12:36:03,766 currency_parser.py INFO Курсы валют успешно обновлены
2022-03-02 12:36:04,193 tproger.py INFO Tproger успешно обновлён
2022-03-02 12:36:04,741 nyt_tech_parse.py INFO NYT-Tech успешно обновлён
2022-03-02 12:36:04,741 parser.py INFO База данных успешно обновлена
2022-03-02 12:40:24,264 habr_parser.py INFO Habr успешно обновлён
2022-03-02 12:40:31,868 habr.py INFO Habr Python успешно обновлён
2022-03-02 12:40:33,881 currency_parser.py INFO Курсы валют успешно обновлены
2022-03-02 12:40:34,313 tproger.py INFO Tproger успешно обновлён
2022-03-02 12:40:35,381 nyt_tech_parse.py INFO NYT-Tech успешно обновлён
2022-03-02 12:40:35,381 parser.py INFO База данных успешно обновлена
2022-03-02 12:45:54,484 habr_parser.py INFO Habr успешно обновлён
2022-03-02 12:45:58,032 habr.py INFO Habr Python успешно обновлён
2022-03-02 12:45:58,421 habr_parser.py INFO Habr успешно обновлён
2022-03-02 12:46:00,296 currency_parser.py INFO Курсы валют успешно обновлены
2022-03-02 12:46:00,827 tproger.py INFO Tproger успешно обновлён
2022-03-02 12:46:00,850 habr.py INFO Habr Python успешно обновлён
2022-03-02 12:46:01,560 nyt_tech_parse.py INFO NYT-Tech успешно обновлён
2022-03-02 12:46:01,560 parser.py INFO База данных успешно обновлена
2022-03-02 12:46:02,535 currency_parser.py INFO Курсы валют успешно обновлены
2022-03-02 12:46:02,956 tproger.py INFO Tproger успешно обновлён
2022-03-02 12:46:03,536 nyt_tech_parse.py INFO NYT-Tech успешно обновлён
2022-03-02 12:46:03,536 parser.py INFO База данных успешно обновлена
2022-03-02 12:50:21,525 habr_parser.py INFO Habr успешно обновлён
2022-03-02 12:50:25,451 habr.py INFO Habr Python успешно обновлён
2022-03-02 12:50:27,757 currency_parser.py INFO Курсы валют успешно обновлены
2022-03-02 12:50:28,393 tproger.py INFO Tproger успешно обновлён
2022-03-02 12:50:29,237 nyt_tech_parse.py INFO NYT-Tech успешно обновлён
2022-03-02 12:50:29,238 parser.py INFO База данных успешно обновлена
2022-03-02 12:55:54,443 habr_parser.py INFO Habr успешно обновлён
2022-03-02 12:56:08,231 habr.py INFO Habr Python успешно обновлён
2022-03-02 12:56:09,527 habr_parser.py INFO Habr успешно обновлён
2022-03-02 12:56:09,956 currency_parser.py INFO Курсы валют успешно обновлены
2022-03-02 12:56:10,932 tproger.py INFO Tproger успешно обновлён
2022-03-02 12:56:11,860 nyt_tech_parse.py INFO NYT-Tech успешно обновлён
2022-03-02 12:56:11,861 parser.py INFO База данных успешно обновлена
2022-03-02 12:56:12,378 habr.py INFO Habr Python успешно обновлён
2022-03-02 12:56:14,419 currency_parser.py INFO Курсы валют успешно обновлены
2022-03-02 12:56:14,892 tproger.py INFO Tproger успешно обновлён
2022-03-02 12:56:15,439 nyt_tech_parse.py INFO NYT-Tech успешно обновлён
2022-03-02 12:56:15,440 parser.py INFO База данных успешно обновлена
2022-03-02 13:00:24,420 habr_parser.py INFO Habr успешно обновлён
2022-03-02 13:00:28,298 habr.py INFO Habr Python успешно обновлён
2022-03-02 13:00:30,269 currency_parser.py INFO Курсы валют успешно обновлены
2022-03-02 13:00:30,848 tproger.py INFO Tproger успешно обновлён
2022-03-02 13:00:31,441 nyt_tech_parse.py INFO NYT-Tech успешно обновлён
2022-03-02 13:00:31,441 parser.py INFO База данных успешно обновлена
2022-03-02 13:05:54,118 habr_parser.py INFO Habr успешно обновлён
2022-03-02 13:05:58,161 habr.py INFO Habr Python успешно обновлён
2022-03-02 13:05:58,410 habr_parser.py INFO Habr успешно обновлён
2022-03-02 13:06:00,158 currency_parser.py INFO Курсы валют успешно обновлены
2022-03-02 13:06:00,799 tproger.py INFO Tproger успешно обновлён
2022-03-02 13:06:01,519 habr.py INFO Habr Python успешно обновлён
2022-03-02 13:06:02,047 nyt_tech_parse.py INFO NYT-Tech успешно обновлён
2022-03-02 13:06:02,047 parser.py INFO База данных успешно обновлена
2022-03-02 13:06:03,223 currency_parser.py INFO Курсы валют успешно обновлены
2022-03-02 13:06:03,814 tproger.py INFO Tproger успешно обновлён
2022-03-02 13:06:04,445 nyt_tech_parse.py INFO NYT-Tech успешно обновлён
2022-03-02 13:06:04,445 parser.py INFO База данных успешно обновлена
2022-03-02 13:10:21,213 habr_parser.py INFO Habr успешно обновлён
2022-03-02 13:10:24,786 habr.py INFO Habr Python успешно обновлён
2022-03-02 13:10:26,644 currency_parser.py INFO Курсы валют успешно обновлены
2022-03-02 13:10:27,137 tproger.py INFO Tproger успешно обновлён
2022-03-02 13:10:27,761 nyt_tech_parse.py INFO NYT-Tech успешно обновлён
2022-03-02 13:10:27,761 parser.py INFO База данных успешно обновлена
2022-03-02 13:15:54,670 habr_parser.py INFO Habr успешно обновлён
2022-03-02 13:15:57,652 habr.py INFO Habr Python успешно обновлён
2022-03-02 13:15:58,352 habr_parser.py INFO Habr успешно обновлён
2022-03-02 13:15:59,510 currency_parser.py INFO Курсы валют успешно обновлены
2022-03-02 13:16:00,047 tproger.py INFO Tproger успешно обновлён
2022-03-02 13:16:00,679 nyt_tech_parse.py INFO NYT-Tech успешно обновлён
2022-03-02 13:16:00,680 parser.py INFO База данных успешно обновлена
2022-03-02 13:16:00,759 habr.py INFO Habr Python успешно обновлён
2022-03-02 13:16:03,185 currency_parser.py INFO Курсы валют успешно обновлены
2022-03-02 13:16:03,584 tproger.py INFO Tproger успешно обновлён
2022-03-02 13:16:04,055 nyt_tech_parse.py INFO NYT-Tech успешно обновлён
2022-03-02 13:16:04,056 parser.py INFO База данных успешно обновлена
2022-03-02 13:25:54,356 habr_parser.py INFO Habr успешно обновлён
2022-03-02 13:25:57,875 habr.py INFO Habr Python успешно обновлён
2022-03-02 13:25:58,799 habr_parser.py INFO Habr успешно обновлён
2022-03-02 13:26:00,056 currency_parser.py INFO Курсы валют успешно обновлены
2022-03-02 13:26:00,819 tproger.py INFO Tproger успешно обновлён
2022-03-02 13:26:01,319 habr.py INFO Habr Python успешно обновлён
2022-03-02 13:26:02,947 nyt_tech_parse.py INFO NYT-Tech успешно обновлён
2022-03-02 13:26:02,948 parser.py INFO База данных успешно обновлена
2022-03-02 13:26:03,225 currency_parser.py INFO Курсы валют успешно обновлены
2022-03-02 13:26:03,878 tproger.py INFO Tproger успешно обновлён
2022-03-02 13:26:04,431 nyt_tech_parse.py INFO NYT-Tech успешно обновлён
2022-03-02 13:26:04,431 parser.py INFO База данных успешно обновлена
2022-03-02 13:26:20,162 habr_parser.py INFO Habr успешно обновлён
2022-03-02 13:26:22,837 habr.py INFO Habr Python успешно обновлён
2022-03-02 13:26:25,016 currency_parser.py INFO Курсы валют успешно обновлены
2022-03-02 13:26:25,466 tproger.py INFO Tproger успешно обновлён
2022-03-02 13:26:26,034 nyt_tech_parse.py INFO NYT-Tech успешно обновлён
2022-03-02 13:26:26,034 parser.py INFO База данных успешно обновлена
2022-03-02 13:35:54,956 habr_parser.py INFO Habr успешно обновлён
2022-03-02 13:35:58,541 habr.py INFO Habr Python успешно обновлён
2022-03-02 13:35:58,853 habr_parser.py INFO Habr успешно обновлён
2022-03-02 13:36:00,381 currency_parser.py INFO Курсы валют успешно обновлены
2022-03-02 13:36:01,404 tproger.py INFO Tproger успешно обновлён
2022-03-02 13:36:01,627 habr.py INFO Habr Python успешно обновлён
2022-03-02 13:36:03,403 currency_parser.py INFO Курсы валют успешно обновлены
2022-03-02 13:36:03,843 nyt_tech_parse.py INFO NYT-Tech успешно обновлён
2022-03-02 13:36:03,844 parser.py INFO База данных успешно обновлена
2022-03-02 13:36:03,904 tproger.py INFO Tproger успешно обновлён
2022-03-02 13:36:04,516 nyt_tech_parse.py INFO NYT-Tech успешно обновлён
2022-03-02 13:36:04,517 parser.py INFO База данных успешно обновлена
2022-03-02 13:36:20,359 habr_parser.py INFO Habr успешно обновлён
2022-03-02 13:36:23,751 habr.py INFO Habr Python успешно обновлён
2022-03-02 13:36:25,645 currency_parser.py INFO Курсы валют успешно обновлены
2022-03-02 13:36:26,125 tproger.py INFO Tproger успешно обновлён
2022-03-02 13:36:26,850 nyt_tech_parse.py INFO NYT-Tech успешно обновлён
2022-03-02 13:36:26,850 parser.py INFO База данных успешно обновлена
2022-03-02 13:45:54,094 habr_parser.py INFO Habr успешно обновлён
2022-03-02 13:45:57,546 habr.py INFO Habr Python успешно обновлён
2022-03-02 13:45:58,634 habr_parser.py INFO Habr успешно обновлён
2022-03-02 13:45:59,365 currency_parser.py INFO Курсы валют успешно обновлены
2022-03-02 13:45:59,975 tproger.py INFO Tproger успешно обновлён
2022-03-02 13:46:00,851 nyt_tech_parse.py INFO NYT-Tech успешно обновлён
2022-03-02 13:46:00,851 parser.py INFO База данных успешно обновлена
2022-03-02 13:46:00,931 habr.py INFO Habr Python успешно обновлён
2022-03-02 13:46:02,647 currency_parser.py INFO Курсы валют успешно обновлены
2022-03-02 13:46:03,289 tproger.py INFO Tproger успешно обновлён
2022-03-02 13:46:03,887 nyt_tech_parse.py INFO NYT-Tech успешно обновлён
2022-03-02 13:46:03,887 parser.py INFO База данных успешно обновлена
2022-03-02 13:46:20,487 habr_parser.py INFO Habr успешно обновлён
2022-03-02 13:46:22,820 habr.py INFO Habr Python успешно обновлён
2022-03-02 13:46:24,507 currency_parser.py INFO Курсы валют успешно обновлены
2022-03-02 13:46:25,100 tproger.py INFO Tproger успешно обновлён
2022-03-02 13:46:25,820 nyt_tech_parse.py INFO NYT-Tech успешно обновлён
2022-03-02 13:46:25,822 parser.py INFO База данных успешно обновлена
2022-03-02 13:55:54,316 habr_parser.py INFO Habr успешно обновлён
2022-03-02 13:55:57,736 habr.py INFO Habr Python успешно обновлён
2022-03-02 13:55:58,650 habr_parser.py INFO Habr успешно обновлён
2022-03-02 13:55:59,714 currency_parser.py INFO Курсы валют успешно обновлены
2022-03-02 13:56:00,322 tproger.py INFO Tproger успешно обновлён
2022-03-02 13:56:01,117 nyt_tech_parse.py INFO NYT-Tech успешно обновлён
2022-03-02 13:56:01,117 parser.py INFO База данных успешно обновлена
2022-03-02 13:56:01,177 habr.py INFO Habr Python успешно обновлён
2022-03-02 13:56:02,835 currency_parser.py INFO Курсы валют успешно обновлены
2022-03-02 13:56:03,576 tproger.py INFO Tproger успешно обновлён
2022-03-02 13:56:04,160 nyt_tech_parse.py INFO NYT-Tech успешно обновлён
2022-03-02 13:56:04,161 parser.py INFO База данных успешно обновлена
2022-03-02 13:56:20,433 habr_parser.py INFO Habr успешно обновлён
2022-03-02 13:56:22,786 habr.py INFO Habr Python успешно обновлён
2022-03-02 13:56:24,948 currency_parser.py INFO Курсы валют успешно обновлены
2022-03-02 13:56:25,457 tproger.py INFO Tproger успешно обновлён
2022-03-02 13:56:26,104 nyt_tech_parse.py INFO NYT-Tech успешно обновлён
2022-03-02 13:56:26,104 parser.py INFO База данных успешно обновлена
2022-03-02 14:05:54,441 habr_parser.py INFO Habr успешно обновлён
2022-03-02 14:05:57,918 habr.py INFO Habr Python успешно обновлён
2022-03-02 14:05:58,656 habr_parser.py INFO Habr успешно обновлён
2022-03-02 14:06:00,082 currency_parser.py INFO Курсы валют успешно обновлены
2022-03-02 14:06:00,888 tproger.py INFO Tproger успешно обновлён
2022-03-02 14:06:01,070 habr.py INFO Habr Python успешно обновлён
2022-03-02 14:06:01,907 nyt_tech_parse.py INFO NYT-Tech успешно обновлён
2022-03-02 14:06:01,908 parser.py INFO База данных успешно обновлена
2022-03-02 14:06:02,947 currency_parser.py INFO Курсы валют успешно обновлены
2022-03-02 14:06:03,450 tproger.py INFO Tproger успешно обновлён
2022-03-02 14:06:04,043 nyt_tech_parse.py INFO NYT-Tech успешно обновлён
2022-03-02 14:06:04,043 parser.py INFO База данных успешно обновлена
2022-03-02 14:06:20,281 habr_parser.py INFO Habr успешно обновлён
2022-03-02 14:06:22,576 habr.py INFO Habr Python успешно обновлён
2022-03-02 14:06:24,417 currency_parser.py INFO Курсы валют успешно обновлены
2022-03-02 14:06:24,940 tproger.py INFO Tproger успешно обновлён
2022-03-02 14:06:26,218 nyt_tech_parse.py INFO NYT-Tech успешно обновлён
2022-03-02 14:06:26,218 parser.py INFO База данных успешно обновлена
2022-03-02 14:15:58,536 habr_parser.py INFO Habr успешно обновлён
2022-03-02 14:15:58,930 habr_parser.py INFO Habr успешно обновлён
2022-03-02 14:16:01,740 habr.py INFO Habr Python успешно обновлён
2022-03-02 14:16:02,054 habr.py INFO Habr Python успешно обновлён
2022-03-02 14:16:03,761 currency_parser.py INFO Курсы валют успешно обновлены
2022-03-02 14:16:03,874 currency_parser.py INFO Курсы валют успешно обновлены
2022-03-02 14:16:04,522 tproger.py INFO Tproger успешно обновлён
2022-03-02 14:16:04,607 tproger.py INFO Tproger успешно обновлён
2022-03-02 14:16:05,476 nyt_tech_parse.py INFO NYT-Tech успешно обновлён
2022-03-02 14:16:05,477 parser.py INFO База данных успешно обновлена
2022-03-02 14:16:05,495 nyt_tech_parse.py INFO NYT-Tech успешно обновлён
2022-03-02 14:16:05,496 parser.py INFO База данных успешно обновлена
2022-03-02 14:16:20,787 habr_parser.py INFO Habr успешно обновлён
2022-03-02 14:16:23,346 habr.py INFO Habr Python успешно обновлён
2022-03-02 14:16:25,102 currency_parser.py INFO Курсы валют успешно обновлены
2022-03-02 14:16:25,617 tproger.py INFO Tproger успешно обновлён
2022-03-02 14:16:26,243 nyt_tech_parse.py INFO NYT-Tech успешно обновлён
2022-03-02 14:16:26,244 parser.py INFO База данных успешно обновлена
2022-03-02 14:25:54,640 habr_parser.py INFO Habr успешно обновлён
2022-03-02 14:25:58,111 habr.py INFO Habr Python успешно обновлён
2022-03-02 14:25:58,517 habr_parser.py INFO Habr успешно обновлён
2022-03-02 14:26:00,956 habr.py INFO Habr Python успешно обновлён
2022-03-02 14:26:02,039 currency_parser.py INFO Курсы валют успешно обновлены
2022-03-02 14:26:02,610 tproger.py INFO Tproger успешно обновлён
2022-03-02 14:26:02,762 currency_parser.py INFO Курсы валют успешно обновлены
2022-03-02 14:26:03,345 tproger.py INFO Tproger успешно обновлён
2022-03-02 14:26:03,506 nyt_tech_parse.py INFO NYT-Tech успешно обновлён
2022-03-02 14:26:03,506 parser.py INFO База данных успешно обновлена
2022-03-02 14:26:03,798 nyt_tech_parse.py INFO NYT-Tech успешно обновлён
2022-03-02 14:26:03,798 parser.py INFO База данных успешно обновлена
2022-03-02 14:26:20,618 habr_parser.py INFO Habr успешно обновлён
2022-03-02 14:26:23,732 habr.py INFO Habr Python успешно обновлён
2022-03-02 14:26:25,463 currency_parser.py INFO Курсы валют успешно обновлены
2022-03-02 14:26:25,955 tproger.py INFO Tproger успешно обновлён
2022-03-02 14:26:26,658 nyt_tech_parse.py INFO NYT-Tech успешно обновлён
2022-03-02 14:26:26,659 parser.py INFO База данных успешно обновлена
2022-03-02 14:35:55,003 habr_parser.py INFO Habr успешно обновлён
2022-03-02 14:35:58,598 habr_parser.py INFO Habr успешно обновлён
2022-03-02 14:35:59,685 habr.py INFO Habr Python успешно обновлён
2022-03-02 14:36:01,260 habr.py INFO Habr Python успешно обновлён
2022-03-02 14:36:02,591 currency_parser.py INFO Курсы валют успешно обновлены
2022-03-02 14:36:02,987 currency_parser.py INFO Курсы валют успешно обновлены
2022-03-02 14:36:04,369 tproger.py INFO Tproger успешно обновлён
2022-03-02 14:36:04,477 tproger.py INFO Tproger успешно обновлён
2022-03-02 14:36:05,640 nyt_tech_parse.py INFO NYT-Tech успешно обновлён
2022-03-02 14:36:05,641 parser.py INFO База данных успешно обновлена
2022-03-02 14:36:05,648 nyt_tech_parse.py INFO NYT-Tech успешно обновлён
2022-03-02 14:36:05,648 parser.py INFO База данных успешно обновлена
2022-03-02 14:36:20,741 habr_parser.py INFO Habr успешно обновлён
2022-03-02 14:36:23,046 habr.py INFO Habr Python успешно обновлён
2022-03-02 14:36:24,782 currency_parser.py INFO Курсы валют успешно обновлены
2022-03-02 14:36:25,485 tproger.py INFO Tproger успешно обновлён
2022-03-02 14:36:26,176 nyt_tech_parse.py INFO NYT-Tech успешно обновлён
2022-03-02 14:36:26,176 parser.py INFO База данных успешно обновлена
2022-03-02 14:45:54,425 habr_parser.py INFO Habr успешно обновлён
2022-03-02 14:45:58,122 habr.py INFO Habr Python успешно обновлён
2022-03-02 14:46:00,059 currency_parser.py INFO Курсы валют успешно обновлены
2022-03-02 14:46:00,489 habr_parser.py INFO Habr успешно обновлён
2022-03-02 14:46:00,714 tproger.py INFO Tproger успешно обновлён
2022-03-02 14:46:01,556 nyt_tech_parse.py INFO NYT-Tech успешно обновлён
2022-03-02 14:46:01,556 parser.py INFO База данных успешно обновлена
2022-03-02 14:46:03,099 habr.py INFO Habr Python успешно обновлён
2022-03-02 14:46:04,932 currency_parser.py INFO Курсы валют успешно обновлены
2022-03-02 14:46:05,438 tproger.py INFO Tproger успешно обновлён
2022-03-02 14:46:06,108 nyt_tech_parse.py INFO NYT-Tech успешно обновлён
2022-03-02 14:46:06,108 parser.py INFO База данных успешно обновлена
2022-03-02 14:46:21,500 habr_parser.py INFO Habr успешно обновлён
2022-03-02 14:46:24,276 habr.py INFO Habr Python успешно обновлён
2022-03-02 14:46:26,154 currency_parser.py INFO Курсы валют успешно обновлены
2022-03-02 14:46:26,755 tproger.py INFO Tproger успешно обновлён
2022-03-02 14:46:27,423 nyt_tech_parse.py INFO NYT-Tech успешно обновлён
2022-03-02 14:46:27,423 parser.py INFO База данных успешно обновлена
2022-03-02 16:15:54,830 habr_parser.py INFO Habr успешно обновлён
2022-03-02 16:15:58,129 habr.py INFO Habr Python успешно обновлён
2022-03-02 16:15:58,413 habr_parser.py INFO Habr успешно обновлён
2022-03-02 16:16:00,719 habr.py INFO Habr Python успешно обновлён
2022-03-02 16:16:01,367 currency_parser.py INFO Курсы валют успешно обновлены
2022-03-02 16:16:02,046 tproger.py INFO Tproger успешно обновлён
2022-03-02 16:16:02,378 currency_parser.py INFO Курсы валют успешно обновлены
2022-03-02 16:16:02,889 nyt_tech_parse.py INFO NYT-Tech успешно обновлён
2022-03-02 16:16:02,890 parser.py INFO База данных успешно обновлена
2022-03-02 16:16:03,164 tproger.py INFO Tproger успешно обновлён
2022-03-02 16:16:20,535 habr_parser.py INFO Habr успешно обновлён
2022-03-02 16:16:22,652 habr.py INFO Habr Python успешно обновлён
2022-03-02 16:16:24,636 currency_parser.py INFO Курсы валют успешно обновлены
2022-03-02 16:16:25,097 tproger.py INFO Tproger успешно обновлён
2022-03-02 16:16:25,724 nyt_tech_parse.py INFO NYT-Tech успешно обновлён
2022-03-02 16:16:25,725 parser.py INFO База данных успешно обновлена
2022-03-02 21:10:23,314 habr_parser.py INFO Habr успешно обновлён
2022-03-02 21:10:26,818 habr_parser.py INFO Habr успешно обновлён
2022-03-02 21:10:27,656 habr.py INFO Habr Python успешно обновлён
2022-03-02 21:10:30,116 habr.py INFO Habr Python успешно обновлён
2022-03-02 21:10:30,433 currency_parser.py INFO Курсы валют успешно обновлены
2022-03-02 21:10:31,805 tproger.py INFO Tproger успешно обновлён
2022-03-02 21:10:32,768 nyt_tech_parse.py INFO NYT-Tech успешно обновлён
2022-03-02 21:10:32,769 parser.py INFO База данных успешно обновлена
2022-03-02 21:10:32,975 currency_parser.py INFO Курсы валют успешно обновлены
2022-03-02 21:10:33,737 tproger.py INFO Tproger успешно обновлён
2022-03-02 21:10:35,396 nyt_tech_parse.py INFO NYT-Tech успешно обновлён
2022-03-02 21:10:35,396 parser.py INFO База данных успешно обновлена
2022-03-02 21:20:22,199 habr_parser.py INFO Habr успешно обновлён
2022-03-02 21:20:24,067 habr_parser.py INFO Habr успешно обновлён
2022-03-02 21:20:26,498 habr.py INFO Habr Python успешно обновлён
2022-03-02 21:20:26,813 habr.py INFO Habr Python успешно обновлён
2022-03-02 21:20:28,756 currency_parser.py INFO Курсы валют успешно обновлены
2022-03-02 21:20:29,004 currency_parser.py INFO Курсы валют успешно обновлены
2022-03-02 21:20:29,874 tproger.py INFO Tproger успешно обновлён
2022-03-02 21:20:29,992 tproger.py INFO Tproger успешно обновлён
2022-03-02 21:20:31,009 nyt_tech_parse.py INFO NYT-Tech успешно обновлён
2022-03-02 21:20:31,009 parser.py INFO База данных успешно обновлена
2022-03-02 21:20:31,012 nyt_tech_parse.py INFO NYT-Tech успешно обновлён
2022-03-02 21:20:31,014 parser.py INFO База данных успешно обновлена
2022-03-02 21:30:21,998 habr_parser.py INFO Habr успешно обновлён
2022-03-02 21:30:24,928 habr_parser.py INFO Habr успешно обновлён
2022-03-02 21:30:26,637 habr.py INFO Habr Python успешно обновлён
2022-03-02 21:30:29,290 habr.py INFO Habr Python успешно обновлён
2022-03-02 21:30:30,185 currency_parser.py INFO Курсы валют успешно обновлены
2022-03-02 21:30:31,197 tproger.py INFO Tproger успешно обновлён
2022-03-02 21:30:31,459 currency_parser.py INFO Курсы валют успешно обновлены
2022-03-02 21:30:32,420 tproger.py INFO Tproger успешно обновлён
2022-03-02 21:30:33,085 nyt_tech_parse.py INFO NYT-Tech успешно обновлён
2022-03-02 21:30:33,086 parser.py INFO База данных успешно обновлена
2022-03-02 21:30:33,110 nyt_tech_parse.py INFO NYT-Tech успешно обновлён
2022-03-02 21:30:33,110 parser.py INFO База данных успешно обновлена
2022-03-02 21:40:22,634 habr_parser.py INFO Habr успешно обновлён
2022-03-02 21:40:24,892 habr_parser.py INFO Habr успешно обновлён
2022-03-02 21:40:26,770 habr.py INFO Habr Python успешно обновлён
2022-03-02 21:40:27,984 habr.py INFO Habr Python успешно обновлён
2022-03-02 21:40:29,088 currency_parser.py INFO Курсы валют успешно обновлены
2022-03-02 21:40:30,204 currency_parser.py INFO Курсы валют успешно обновлены
2022-03-02 21:40:30,233 tproger.py INFO Tproger успешно обновлён
2022-03-02 21:40:31,216 nyt_tech_parse.py INFO NYT-Tech успешно обновлён
2022-03-02 21:40:31,216 parser.py INFO База данных успешно обновлена
2022-03-02 21:40:31,250 tproger.py INFO Tproger успешно обновлён
2022-03-02 21:40:31,971 nyt_tech_parse.py INFO NYT-Tech успешно обновлён
2022-03-02 21:40:31,971 parser.py INFO База данных успешно обновлена
2022-03-02 21:50:21,502 habr_parser.py INFO Habr успешно обновлён
2022-03-02 21:50:23,735 habr_parser.py INFO Habr успешно обновлён
2022-03-02 21:50:25,707 habr.py INFO Habr Python успешно обновлён
2022-03-02 21:50:27,069 habr.py INFO Habr Python успешно обновлён
2022-03-02 21:50:46,786 currency_parser.py WARNING HTTPSConnectionPool(host='www.banki.ru', port=443): Max retries exceeded with url: /products/currency/usd/ (Caused by ConnectTimeoutError(<urllib3.connection.HTTPSConnection object at 0x000002286EFF1570>, 'Connection to www.banki.ru timed out. (connect timeout=None)')) при обновлении курса валют
2022-03-02 21:50:47,637 tproger.py INFO Tproger успешно обновлён
2022-03-02 21:50:48,153 currency_parser.py WARNING HTTPSConnectionPool(host='www.banki.ru', port=443): Max retries exceeded with url: /products/currency/usd/ (Caused by ConnectTimeoutError(<urllib3.connection.HTTPSConnection object at 0x000002A53BA6AB60>, 'Connection to www.banki.ru timed out. (connect timeout=None)')) при обновлении курса валют
2022-03-02 21:50:48,539 nyt_tech_parse.py INFO NYT-Tech успешно обновлён
2022-03-02 21:50:48,539 parser.py INFO База данных успешно обновлена
2022-03-02 21:50:48,926 tproger.py INFO Tproger успешно обновлён
2022-03-02 21:50:49,568 nyt_tech_parse.py INFO NYT-Tech успешно обновлён
2022-03-02 21:50:49,568 parser.py INFO База данных успешно обновлена
2022-03-02 22:20:22,312 habr_parser.py INFO Habr успешно обновлён
2022-03-02 22:20:23,909 habr_parser.py INFO Habr успешно обновлён
2022-03-02 22:20:26,176 habr.py INFO Habr Python успешно обновлён
2022-03-02 22:20:27,033 habr.py INFO Habr Python успешно обновлён
2022-03-02 22:20:47,255 currency_parser.py WARNING HTTPSConnectionPool(host='www.banki.ru', port=443): Max retries exceeded with url: /products/currency/usd/ (Caused by ConnectTimeoutError(<urllib3.connection.HTTPSConnection object at 0x0000022870387CD0>, 'Connection to www.banki.ru timed out. (connect timeout=None)')) при обновлении курса валют
2022-03-02 22:20:48,093 currency_parser.py WARNING HTTPSConnectionPool(host='www.banki.ru', port=443): Max retries exceeded with url: /products/currency/usd/ (Caused by ConnectTimeoutError(<urllib3.connection.HTTPSConnection object at 0x000002A53A011990>, 'Connection to www.banki.ru timed out. (connect timeout=None)')) при обновлении курса валют
2022-03-02 22:20:48,524 tproger.py INFO Tproger успешно обновлён
2022-03-02 22:20:49,063 tproger.py INFO Tproger успешно обновлён
2022-03-02 22:20:49,927 nyt_tech_parse.py INFO NYT-Tech успешно обновлён
2022-03-02 22:20:49,927 parser.py INFO База данных успешно обновлена
2022-03-02 22:20:49,961 nyt_tech_parse.py INFO NYT-Tech успешно обновлён
2022-03-02 22:20:49,961 parser.py INFO База данных успешно обновлена
2022-03-02 22:30:21,541 habr_parser.py INFO Habr успешно обновлён
2022-03-02 22:30:23,205 habr_parser.py INFO Habr успешно обновлён
2022-03-02 22:30:25,013 habr.py INFO Habr Python успешно обновлён
2022-03-02 22:30:26,404 habr.py INFO Habr Python успешно обновлён
2022-03-02 22:30:46,126 currency_parser.py WARNING HTTPSConnectionPool(host='www.banki.ru', port=443): Max retries exceeded with url: /products/currency/usd/ (Caused by ConnectTimeoutError(<urllib3.connection.HTTPSConnection object at 0x00000228707508B0>, 'Connection to www.banki.ru timed out. (connect timeout=None)')) при обновлении курса валют
2022-03-02 22:30:46,699 tproger.py INFO Tproger успешно обновлён
2022-03-02 22:30:47,463 currency_parser.py WARNING HTTPSConnectionPool(host='www.banki.ru', port=443): Max retries exceeded with url: /products/currency/usd/ (Caused by ConnectTimeoutError(<urllib3.connection.HTTPSConnection object at 0x000002A53BB14520>, 'Connection to www.banki.ru timed out. (connect timeout=None)')) при обновлении курса валют
2022-03-02 22:30:47,786 nyt_tech_parse.py INFO NYT-Tech успешно обновлён
2022-03-02 22:30:47,786 parser.py INFO База данных успешно обновлена
2022-03-02 22:30:48,007 tproger.py INFO Tproger успешно обновлён
2022-03-02 22:30:48,626 nyt_tech_parse.py INFO NYT-Tech успешно обновлён
2022-03-02 22:30:48,627 parser.py INFO База данных успешно обновлена
2022-03-02 22:40:21,689 habr_parser.py INFO Habr успешно обновлён
2022-03-02 22:40:23,785 habr_parser.py INFO Habr успешно обновлён
2022-03-02 22:40:25,375 habr.py INFO Habr Python успешно обновлён
2022-03-02 22:40:26,481 habr.py INFO Habr Python успешно обновлён
2022-03-02 22:40:47,711 currency_parser.py WARNING HTTPSConnectionPool(host='www.banki.ru', port=443): Max retries exceeded with url: /products/currency/usd/ (Caused by ConnectTimeoutError(<urllib3.connection.HTTPSConnection object at 0x000002A53A18EC20>, 'Connection to www.banki.ru timed out. (connect timeout=None)')) при обновлении курса валют
2022-03-02 22:40:47,711 currency_parser.py WARNING HTTPSConnectionPool(host='www.banki.ru', port=443): Max retries exceeded with url: /products/currency/usd/ (Caused by ConnectTimeoutError(<urllib3.connection.HTTPSConnection object at 0x000002287088CDF0>, 'Connection to www.banki.ru timed out. (connect timeout=None)')) при обновлении курса валют
2022-03-02 22:40:48,435 tproger.py INFO Tproger успешно обновлён
2022-03-02 22:40:48,609 tproger.py INFO Tproger успешно обновлён
2022-03-02 22:40:49,842 nyt_tech_parse.py INFO NYT-Tech успешно обновлён
2022-03-02 22:40:49,842 parser.py INFO База данных успешно обновлена
2022-03-02 22:40:49,856 nyt_tech_parse.py INFO NYT-Tech успешно обновлён
2022-03-02 22:40:49,856 parser.py INFO База данных успешно обновлена
2022-03-03 09:35:55,842 habr_parser.py INFO Habr успешно обновлён
2022-03-03 09:36:00,278 habr.py INFO Habr Python успешно обновлён
2022-03-03 09:38:51,002 habr_parser.py INFO Habr успешно обновлён
2022-03-03 09:38:54,627 habr.py INFO Habr Python успешно обновлён
2022-03-03 09:38:54,954 habr_parser.py INFO Habr успешно обновлён
2022-03-03 09:38:56,661 currency_parser.py INFO Курсы валют успешно обновлены
2022-03-03 09:38:57,794 habr.py INFO Habr Python успешно обновлён
2022-03-03 09:38:59,501 currency_parser.py INFO Курсы валют успешно обновлены
2022-03-03 21:58:03,302 habr_parser.py INFO Habr успешно обновлён
2022-03-03 21:58:06,614 habr.py INFO Habr Python успешно обновлён
2022-03-03 21:58:08,628 currency_parser.py INFO Курсы валют успешно обновлены
2022-03-03 21:58:09,690 tproger.py INFO Tproger успешно обновлён
2022-03-03 21:58:10,535 nyt_tech_parse.py INFO NYT-Tech успешно обновлён
2022-03-03 22:07:17,127 habr_parser.py INFO Habr успешно обновлён
2022-03-03 22:07:17,326 habr_parser.py INFO Habr успешно обновлён
2022-03-03 22:07:20,298 habr.py INFO Habr Python успешно обновлён
2022-03-03 22:07:20,447 habr.py INFO Habr Python успешно обновлён
2022-03-03 22:07:22,203 currency_parser.py INFO Курсы валют успешно обновлены
2022-03-03 22:07:22,362 currency_parser.py INFO Курсы валют успешно обновлены
2022-03-03 22:07:22,931 tproger.py INFO Tproger успешно обновлён
2022-03-03 22:07:23,022 tproger.py INFO Tproger успешно обновлён
2022-03-03 22:07:23,897 nyt_tech_parse.py INFO NYT-Tech успешно обновлён
2022-03-03 22:07:23,898 parser.py INFO База данных успешно обновлена
2022-03-03 22:07:23,984 nyt_tech_parse.py INFO NYT-Tech успешно обновлён
2022-03-03 22:07:23,985 parser.py INFO База данных успешно обновлена
2022-03-03 22:17:16,563 habr_parser.py INFO Habr успешно обновлён
2022-03-03 22:17:20,219 habr.py INFO Habr Python успешно обновлён
2022-03-03 22:17:20,579 habr_parser.py INFO Habr успешно обновлён
2022-03-03 22:17:22,125 currency_parser.py INFO Курсы валют успешно обновлены
2022-03-03 22:17:22,789 tproger.py INFO Tproger успешно обновлён
2022-03-03 22:17:23,260 habr.py INFO Habr Python успешно обновлён
2022-03-03 22:17:23,700 nyt_tech_parse.py INFO NYT-Tech успешно обновлён
2022-03-03 22:17:23,700 parser.py INFO База данных успешно обновлена
2022-03-03 22:17:25,064 currency_parser.py INFO Курсы валют успешно обновлены
2022-03-03 22:17:25,668 tproger.py INFO Tproger успешно обновлён
2022-03-03 22:17:26,332 nyt_tech_parse.py INFO NYT-Tech успешно обновлён
2022-03-03 22:17:26,332 parser.py INFO База данных успешно обновлена
2022-03-03 22:27:16,903 habr_parser.py INFO Habr успешно обновлён
2022-03-03 22:27:17,210 habr_parser.py INFO Habr успешно обновлён
2022-03-03 22:27:20,601 habr.py INFO Habr Python успешно обновлён
2022-03-03 22:27:22,757 currency_parser.py INFO Курсы валют успешно обновлены
2022-03-03 22:27:23,308 habr.py INFO Habr Python успешно обновлён
2022-03-03 22:27:23,355 tproger.py INFO Tproger успешно обновлён
2022-03-03 22:27:24,226 nyt_tech_parse.py INFO NYT-Tech успешно обновлён
2022-03-03 22:27:24,226 parser.py INFO База данных успешно обновлена
2022-03-03 22:27:25,082 currency_parser.py INFO Курсы валют успешно обновлены
2022-03-03 22:27:25,592 tproger.py INFO Tproger успешно обновлён
2022-03-04 12:54:09,900 habr_parser.py INFO Habr успешно обновлён
2022-03-04 12:54:15,194 habr.py INFO Habr Python успешно обновлён
2022-03-04 12:54:17,660 currency_parser.py INFO Курсы валют успешно обновлены
2022-03-04 12:54:18,740 tproger.py INFO Tproger успешно обновлён
2022-03-04 12:54:19,732 nyt_tech_parse.py INFO NYT-Tech успешно обновлён
2022-03-04 13:03:59,792 habr_parser.py INFO Habr успешно обновлён
2022-03-04 13:04:01,555 habr_parser.py INFO Habr успешно обновлён
2022-03-04 13:04:03,657 habr.py INFO Habr Python успешно обновлён
2022-03-04 13:04:04,743 habr.py INFO Habr Python успешно обновлён
2022-03-04 13:04:06,237 currency_parser.py INFO Курсы валют успешно обновлены
2022-03-04 13:04:06,755 currency_parser.py INFO Курсы валют успешно обновлены
2022-03-04 13:04:07,017 tproger.py INFO Tproger успешно обновлён
2022-03-04 13:04:07,433 tproger.py INFO Tproger успешно обновлён
2022-03-04 13:04:08,234 nyt_tech_parse.py INFO NYT-Tech успешно обновлён
2022-03-04 13:04:08,234 parser.py INFO База данных успешно обновлена
2022-03-04 13:04:08,263 nyt_tech_parse.py INFO NYT-Tech успешно обновлён
2022-03-04 13:04:08,263 parser.py INFO База данных успешно обновлена
2022-03-05 22:10:16,741 habr_parser.py INFO Habr успешно обновлён
2022-03-05 22:10:20,832 habr.py INFO Habr Python успешно обновлён
2022-03-05 22:10:22,706 currency_parser.py INFO Курсы валют успешно обновлены
2022-03-05 22:10:23,935 tproger.py INFO Tproger успешно обновлён
2022-03-05 22:10:25,247 nyt_tech_parse.py INFO NYT-Tech успешно обновлён
2022-03-05 22:18:31,301 habr_parser.py INFO Habr успешно обновлён
2022-03-05 22:18:35,029 habr.py INFO Habr Python успешно обновлён
2022-03-05 22:18:37,631 currency_parser.py INFO Курсы валют успешно обновлены
2022-03-05 22:18:38,540 tproger.py INFO Tproger успешно обновлён
2022-03-05 22:18:39,532 nyt_tech_parse.py INFO NYT-Tech успешно обновлён
2022-03-05 22:18:39,532 parser.py INFO База данных успешно обновлена
2022-03-05 22:22:41,157 habr_parser.py INFO Habr успешно обновлён
2022-03-05 22:22:44,820 habr.py INFO Habr Python успешно обновлён
2022-03-05 22:22:47,054 currency_parser.py INFO Курсы валют успешно обновлены
2022-03-05 22:22:47,776 tproger.py INFO Tproger успешно обновлён
2022-03-05 22:22:48,700 nyt_tech_parse.py INFO NYT-Tech успешно обновлён
2022-03-05 22:22:48,700 parser.py INFO База данных успешно обновлена
2022-03-05 22:28:30,781 habr_parser.py INFO Habr успешно обновлён
2022-03-05 22:28:34,379 habr.py INFO Habr Python успешно обновлён
2022-03-05 22:28:36,338 currency_parser.py INFO Курсы валют успешно обновлены
2022-03-05 22:28:37,121 tproger.py INFO Tproger успешно обновлён
2022-03-05 22:28:38,100 nyt_tech_parse.py INFO NYT-Tech успешно обновлён
2022-03-05 22:28:38,100 parser.py INFO База данных успешно обновлена
2022-03-05 22:32:41,160 habr_parser.py INFO Habr успешно обновлён
2022-03-05 22:32:44,792 habr.py INFO Habr Python успешно обновлён
2022-03-05 22:32:48,084 currency_parser.py INFO Курсы валют успешно обновлены
2022-03-05 22:32:48,902 tproger.py INFO Tproger успешно обновлён
2022-03-05 22:32:49,604 nyt_tech_parse.py INFO NYT-Tech успешно обновлён
2022-03-05 22:32:49,611 parser.py INFO База данных успешно обновлена
2022-03-06 17:08:53,798 habr_parser.py INFO Habr успешно обновлён
2022-03-06 17:08:58,176 habr.py INFO Habr Python успешно обновлён
2022-03-06 17:25:15,030 habr_parser.py INFO Habr успешно обновлён
2022-03-06 17:25:16,675 habr_parser.py INFO Habr успешно обновлён
2022-03-06 17:25:19,552 habr.py INFO Habr Python успешно обновлён
2022-03-06 17:25:19,621 habr.py INFO Habr Python успешно обновлён
2022-03-06 17:25:21,807 currency_parser.py INFO Курсы валют успешно обновлены
2022-03-06 17:25:22,591 tproger.py INFO Tproger успешно обновлён
2022-03-06 17:25:23,453 nyt_tech_parse.py INFO NYT-Tech успешно обновлён
2022-03-06 17:25:23,453 parser.py INFO База данных успешно обновлена
2022-03-06 17:35:14,833 habr_parser.py INFO Habr успешно обновлён
2022-03-06 17:35:18,051 habr.py INFO Habr Python успешно обновлён
2022-03-06 17:35:19,853 currency_parser.py INFO Курсы валют успешно обновлены
2022-03-06 17:35:20,405 tproger.py INFO Tproger успешно обновлён
2022-03-06 17:35:22,887 nyt_tech_parse.py INFO NYT-Tech успешно обновлён
2022-03-06 17:35:22,887 parser.py INFO База данных успешно обновлена
2022-03-06 17:45:15,625 habr_parser.py INFO Habr успешно обновлён
2022-03-06 17:45:19,536 habr.py INFO Habr Python успешно обновлён
2022-03-06 17:45:22,539 currency_parser.py INFO Курсы валют успешно обновлены
2022-03-06 17:45:23,382 tproger.py INFO Tproger успешно обновлён
2022-03-06 17:45:24,378 nyt_tech_parse.py INFO NYT-Tech успешно обновлён
2022-03-06 17:45:24,378 parser.py INFO База данных успешно обновлена
2022-03-06 17:55:16,066 habr_parser.py INFO Habr успешно обновлён
2022-03-06 17:55:20,634 habr.py INFO Habr Python успешно обновлён
2022-03-06 17:55:23,113 currency_parser.py INFO Курсы валют успешно обновлены
2022-03-06 17:55:24,369 tproger.py INFO Tproger успешно обновлён
2022-03-06 17:55:25,374 nyt_tech_parse.py INFO NYT-Tech успешно обновлён
2022-03-06 17:55:25,375 parser.py INFO База данных успешно обновлена
